2026-06-16 22:09:31 - com.animate.backend.BackendApplication - Starting BackendApplication using Java 21.0.5 with PID 29188 (C:\Users\l34nd\OneDrive\Área de Trabalho\backAnimate\AniMate-Back-End\backend\backend\target\classes started by l34nd in C:\Users\l34nd\OneDrive\Área de Trabalho\backAnimate\AniMate-Back-End\backend\backend)
2026-06-16 22:09:31 - com.animate.backend.BackendApplication - Running with Spring Boot v3.4.11, Spring v6.2.12
2026-06-16 22:09:31 - com.animate.backend.BackendApplication - No active profile set, falling back to 1 default profile: "default"
2026-06-16 22:09:31 - org.springframework.boot.devtools.env.DevToolsPropertyDefaultsPostProcessor - Devtools property defaults active! Set 'spring.devtools.add-properties' to 'false' to disable
2026-06-16 22:09:31 - org.springframework.boot.devtools.env.DevToolsPropertyDefaultsPostProcessor - For additional web related logging consider setting the 'logging.level.web' property to 'DEBUG'
2026-06-16 22:09:34 - org.springframework.data.repository.config.RepositoryConfigurationDelegate - Bootstrapping Spring Data JPA repositories in DEFAULT mode.
2026-06-16 22:09:34 - org.springframework.data.repository.config.RepositoryConfigurationDelegate - Finished Spring Data repository scanning in 177 ms. Found 7 JPA repository interfaces.
2026-06-16 22:09:36 - org.springframework.boot.web.embedded.tomcat.TomcatWebServer - Tomcat initialized with port 8081 (http)
2026-06-16 22:09:36 - org.apache.catalina.core.StandardService - Starting service [Tomcat]
2026-06-16 22:09:36 - org.apache.catalina.core.StandardEngine - Starting Servlet engine: [Apache Tomcat/10.1.48]
2026-06-16 22:09:36 - org.apache.catalina.core.ContainerBase.[Tomcat].[localhost].[/] - Initializing Spring embedded WebApplicationContext
2026-06-16 22:09:36 - org.springframework.boot.web.servlet.context.ServletWebServerApplicationContext - Root WebApplicationContext: initialization completed in 4769 ms
2026-06-16 22:09:36 - org.hibernate.jpa.internal.util.LogHelper - HHH000204: Processing PersistenceUnitInfo [name: default]
2026-06-16 22:09:36 - org.hibernate.Version - HHH000412: Hibernate ORM core version 6.6.33.Final
2026-06-16 22:09:36 - org.hibernate.cache.internal.RegionFactoryInitiator - HHH000026: Second-level cache disabled
2026-06-16 22:09:37 - org.springframework.orm.jpa.persistenceunit.SpringPersistenceUnitInfo - No LoadTimeWeaver setup: ignoring JPA class transformer
2026-06-16 22:09:37 - com.zaxxer.hikari.HikariDataSource - HikariPool-1 - Starting...
2026-06-16 22:09:38 - com.zaxxer.hikari.pool.HikariPool - HikariPool-1 - Added connection org.postgresql.jdbc.PgConnection@12ea620
2026-06-16 22:09:38 - com.zaxxer.hikari.HikariDataSource - HikariPool-1 - Start completed.
2026-06-16 22:09:38 - org.hibernate.orm.deprecation - HHH90000025: PostgreSQLDialect does not need to be specified explicitly using 'hibernate.dialect' (remove the property setting and it will be selected by default)
2026-06-16 22:09:38 - org.hibernate.orm.connections.pooling - HHH10001005: Database info:
	Database JDBC URL [Connecting through datasource 'HikariDataSource (HikariPool-1)']
	Database driver: undefined/unknown
	Database version: 15.4
	Autocommit mode: undefined/unknown
	Isolation level: undefined/unknown
	Minimum pool size: undefined/unknown
	Maximum pool size: undefined/unknown
2026-06-16 22:09:40 - org.hibernate.engine.transaction.jta.platform.internal.JtaPlatformInitiator - HHH000489: No JTA platform available (set 'hibernate.transaction.jta.platform' to enable JTA platform integration)
2026-06-16 22:09:40 - org.springframework.orm.jpa.LocalContainerEntityManagerFactoryBean - Initialized JPA EntityManagerFactory for persistence unit 'default'
2026-06-16 22:09:41 - com.animate.backend.service.ChibisafeService - ChibisafeService initialized with URL=http://localhost:24424
2026-06-16 22:09:41 - org.springframework.boot.autoconfigure.orm.jpa.JpaBaseConfiguration$JpaWebConfiguration - spring.jpa.open-in-view is enabled by default. Therefore, database queries may be performed during view rendering. Explicitly configure spring.jpa.open-in-view to disable this warning
2026-06-16 22:09:41 - org.springframework.boot.autoconfigure.security.servlet.UserDetailsServiceAutoConfiguration - 

Using generated security password: a9115cbd-2689-4c5b-9634-e4fa930e456d

This generated password is for development use only. Your security configuration must be updated before running your application in production.

2026-06-16 22:09:41 - org.springframework.security.config.annotation.authentication.configuration.InitializeUserDetailsBeanManagerConfigurer$InitializeUserDetailsManagerConfigurer - Global AuthenticationManager configured with UserDetailsService bean with name inMemoryUserDetailsManager
2026-06-16 22:09:42 - org.springframework.boot.actuate.endpoint.web.EndpointLinksResolver - Exposing 3 endpoints beneath base path '/actuator'
2026-06-16 22:09:43 - org.springframework.boot.devtools.autoconfigure.OptionalLiveReloadServer - LiveReload server is running on port 35729
2026-06-16 22:09:44 - org.springframework.boot.web.embedded.tomcat.TomcatWebServer - Tomcat started on port 8081 (http) with context path '/'
2026-06-16 22:09:44 - com.animate.backend.BackendApplication - Started BackendApplication in 13.834 seconds (process running for 14.693)
2026-06-16 22:10:26 - org.apache.catalina.core.ContainerBase.[Tomcat].[localhost].[/] - Initializing Spring DispatcherServlet 'dispatcherServlet'
2026-06-16 22:10:26 - org.springframework.web.servlet.DispatcherServlet - Initializing Servlet 'dispatcherServlet'
2026-06-16 22:10:26 - org.springframework.web.servlet.DispatcherServlet - Completed initialization in 3 ms
2026-06-16 22:11:19 - com.animate.backend.service.DrawingService - Drawing updated: id=be5a1621-46df-42be-a7b9-201cdf300bb9 owner=2a211269-cbfa-4e53-8c88-b51a1ba1c578
2026-06-16 22:11:36 - com.animate.backend.service.DrawingService - Drawing updated: id=be5a1621-46df-42be-a7b9-201cdf300bb9 owner=2a211269-cbfa-4e53-8c88-b51a1ba1c578
2026-06-16 22:12:26 - com.animate.backend.service.DrawingService - Drawing updated: id=be5a1621-46df-42be-a7b9-201cdf300bb9 owner=2a211269-cbfa-4e53-8c88-b51a1ba1c578
2026-06-16 22:15:10 - org.springframework.boot.devtools.autoconfigure.LocalDevToolsAutoConfiguration$RestartingClassPathChangeChangedEventListener - Restarting due to 4 class path changes (0 additions, 0 deletions, 4 modifications)
2026-06-16 22:15:10 - org.springframework.boot.web.embedded.tomcat.GracefulShutdown - Commencing graceful shutdown. Waiting for active requests to complete
2026-06-16 22:15:10 - org.springframework.boot.web.embedded.tomcat.GracefulShutdown - Graceful shutdown complete
2026-06-16 22:15:10 - org.springframework.orm.jpa.LocalContainerEntityManagerFactoryBean - Closing JPA EntityManagerFactory for persistence unit 'default'
2026-06-16 22:15:10 - com.zaxxer.hikari.HikariDataSource - HikariPool-1 - Shutdown initiated...
2026-06-16 22:15:10 - com.zaxxer.hikari.HikariDataSource - HikariPool-1 - Shutdown completed.
2026-06-16 22:15:10 - com.animate.backend.BackendApplication - Starting BackendApplication using Java 21.0.5 with PID 29188 (C:\Users\l34nd\OneDrive\Área de Trabalho\backAnimate\AniMate-Back-End\backend\backend\target\classes started by l34nd in C:\Users\l34nd\OneDrive\Área de Trabalho\backAnimate\AniMate-Back-End\backend\backend)
2026-06-16 22:15:10 - com.animate.backend.BackendApplication - Running with Spring Boot v3.4.11, Spring v6.2.12
2026-06-16 22:15:10 - com.animate.backend.BackendApplication - No active profile set, falling back to 1 default profile: "default"
2026-06-16 22:15:11 - org.springframework.data.repository.config.RepositoryConfigurationDelegate - Bootstrapping Spring Data JPA repositories in DEFAULT mode.
2026-06-16 22:15:11 - org.springframework.data.repository.config.RepositoryConfigurationDelegate - Finished Spring Data repository scanning in 64 ms. Found 7 JPA repository interfaces.
2026-06-16 22:15:12 - org.springframework.boot.web.embedded.tomcat.TomcatWebServer - Tomcat initialized with port 8081 (http)
2026-06-16 22:15:12 - org.apache.catalina.core.StandardService - Starting service [Tomcat]
2026-06-16 22:15:12 - org.apache.catalina.core.StandardEngine - Starting Servlet engine: [Apache Tomcat/10.1.48]
2026-06-16 22:15:12 - org.apache.catalina.core.ContainerBase.[Tomcat].[localhost].[/] - Initializing Spring embedded WebApplicationContext
2026-06-16 22:15:12 - org.springframework.boot.web.servlet.context.ServletWebServerApplicationContext - Root WebApplicationContext: initialization completed in 1599 ms
2026-06-16 22:15:12 - org.hibernate.jpa.internal.util.LogHelper - HHH000204: Processing PersistenceUnitInfo [name: default]
2026-06-16 22:15:12 - org.hibernate.cache.internal.RegionFactoryInitiator - HHH000026: Second-level cache disabled
2026-06-16 22:15:12 - org.springframework.orm.jpa.persistenceunit.SpringPersistenceUnitInfo - No LoadTimeWeaver setup: ignoring JPA class transformer
2026-06-16 22:15:12 - com.zaxxer.hikari.HikariDataSource - HikariPool-2 - Starting...
2026-06-16 22:15:12 - com.zaxxer.hikari.pool.HikariPool - HikariPool-2 - Added connection org.postgresql.jdbc.PgConnection@3ae34e58
2026-06-16 22:15:12 - com.zaxxer.hikari.HikariDataSource - HikariPool-2 - Start completed.
2026-06-16 22:15:12 - org.hibernate.orm.deprecation - HHH90000025: PostgreSQLDialect does not need to be specified explicitly using 'hibernate.dialect' (remove the property setting and it will be selected by default)
2026-06-16 22:15:12 - org.hibernate.orm.connections.pooling - HHH10001005: Database info:
	Database JDBC URL [Connecting through datasource 'HikariDataSource (HikariPool-2)']
	Database driver: undefined/unknown
	Database version: 15.4
	Autocommit mode: undefined/unknown
	Isolation level: undefined/unknown
	Minimum pool size: undefined/unknown
	Maximum pool size: undefined/unknown
2026-06-16 22:15:13 - org.hibernate.engine.transaction.jta.platform.internal.JtaPlatformInitiator - HHH000489: No JTA platform available (set 'hibernate.transaction.jta.platform' to enable JTA platform integration)
2026-06-16 22:15:13 - org.springframework.orm.jpa.LocalContainerEntityManagerFactoryBean - Initialized JPA EntityManagerFactory for persistence unit 'default'
2026-06-16 22:15:13 - com.animate.backend.service.ChibisafeService - ChibisafeService initialized with URL=http://localhost:24424
2026-06-16 22:15:13 - org.springframework.boot.autoconfigure.orm.jpa.JpaBaseConfiguration$JpaWebConfiguration - spring.jpa.open-in-view is enabled by default. Therefore, database queries may be performed during view rendering. Explicitly configure spring.jpa.open-in-view to disable this warning
2026-06-16 22:15:13 - org.springframework.boot.autoconfigure.security.servlet.UserDetailsServiceAutoConfiguration - 

Using generated security password: 7cda1153-2504-4ee3-8dea-8f41ca1d1d3e

This generated password is for development use only. Your security configuration must be updated before running your application in production.

2026-06-16 22:15:13 - org.springframework.security.config.annotation.authentication.configuration.InitializeUserDetailsBeanManagerConfigurer$InitializeUserDetailsManagerConfigurer - Global AuthenticationManager configured with UserDetailsService bean with name inMemoryUserDetailsManager
2026-06-16 22:15:14 - org.springframework.boot.actuate.endpoint.web.EndpointLinksResolver - Exposing 3 endpoints beneath base path '/actuator'
2026-06-16 22:15:14 - org.springframework.boot.devtools.autoconfigure.OptionalLiveReloadServer - LiveReload server is running on port 35729
2026-06-16 22:15:14 - org.springframework.boot.web.embedded.tomcat.TomcatWebServer - Tomcat started on port 8081 (http) with context path '/'
2026-06-16 22:15:14 - com.animate.backend.BackendApplication - Started BackendApplication in 3.836 seconds (process running for 344.994)
2026-06-16 22:15:14 - org.springframework.boot.devtools.autoconfigure.ConditionEvaluationDeltaLoggingListener - Condition evaluation unchanged
